<?xml version="1.0" encoding="UTF-8"?>
<testng-results ignored="0" total="1" passed="1" failed="0" skipped="0">
  <reporter-output>
  </reporter-output>
  <suite started-at="2025-07-20T13:52:50 IST" name="Default suite" finished-at="2025-07-20T13:52:56 IST" duration-ms="5442">
    <groups>
    </groups>
    <test started-at="2025-07-20T13:52:50 IST" name="Default test" finished-at="2025-07-20T13:52:56 IST" duration-ms="5442">
      <class name="getRequests.GetMethodDemo">
        <test-method signature="getAPICalls()[pri:0, instance:getRequests.GetMethodDemo@158d2680]" started-at="2025-07-20T13:52:50 IST" name="getAPICalls" finished-at="2025-07-20T13:52:55 IST" duration-ms="5346" status="PASS">
          <reporter-output>
          </reporter-output>
        </test-method> <!-- getAPICalls -->
      </class> <!-- getRequests.GetMethodDemo -->
    </test> <!-- Default test -->
  </suite> <!-- Default suite -->
</testng-results>
